Building DAG of jobs...
Using shell: /usr/bin/bash
Provided cores: 1 (use --cores to define parallelism)
Rules claiming more threads will be scaled down.
Conda environments: ignored
Job stats:
job         count    min threads    max threads
--------  -------  -------------  -------------
all             1              1              1
tRNAscan        1              1              1
total           2              1              1

Select jobs to execute...

[Fri Jul 14 00:21:57 2023]
rule tRNAscan:
    input: resource/Genome/G_intestinalis.fasta
    output: output/tRNA_scan_result.txt
    jobid: 1
    resources: tmpdir=/tmp

tRNAscan-SE resource/Genome/G_intestinalis.fasta -o output/tRNA_scan_result.txt
[Fri Jul 14 00:22:38 2023]
Finished job 1.
1 of 2 steps (50%) done
Select jobs to execute...

[Fri Jul 14 00:22:38 2023]
localrule all:
    input: output/tRNA_scan_result.txt
    jobid: 0
    resources: tmpdir=/tmp

[Fri Jul 14 00:22:38 2023]
Finished job 0.
2 of 2 steps (100%) done
Complete log: /media/busranur/SSD/busra/miuul/.snakemake/log/2023-07-14T002156.713946.snakemake.log
