Building DAG of jobs...
Using shell: /usr/bin/bash
Provided cores: 1 (use --cores to define parallelism)
Rules claiming more threads will be scaled down.
Conda environments: ignored
Job stats:
job                        count    min threads    max threads
-----------------------  -------  -------------  -------------
all                            1              1              1
tRNAscan_stats_wildcard        1              1              1
total                          2              1              1

Select jobs to execute...

[Mon Jul 17 16:48:59 2023]
rule tRNAscan_stats_wildcard:
    input: resource/Genome/G_muris.fasta
    output: output/tRNAscan/G_muris.tRNA, output/tRNAscan/G_muris.stats
    jobid: 4
    wildcards: Genome=G_muris
    resources: tmpdir=/tmp

/usr/bin/python3 /media/busranur/SSD/busra/miuul/.snakemake/scripts/tmpmfri5pi7.tRNAscan_stats.py
[Mon Jul 17 16:49:24 2023]
Finished job 4.
1 of 2 steps (50%) done
Select jobs to execute...

[Mon Jul 17 16:49:24 2023]
localrule all:
    input: output/tRNA_scan_result.txt, output/G_intestinalis.tRNA, output/G_intestinalis.stats, output/tRNAscan/G_intestinalis.tRNA, output/tRNAscan/G_muris.tRNA, output/tRNAscan/G_intestinalis.tRNA
    jobid: 0
    resources: tmpdir=/tmp

[Mon Jul 17 16:49:24 2023]
Finished job 0.
2 of 2 steps (100%) done
Complete log: /media/busranur/SSD/busra/miuul/.snakemake/log/2023-07-17T164858.985134.snakemake.log
